0 info it worked if it ends with ok
1 verbose cli [ 'node', '/usr/local/bin/npm', 'publish' ]
2 info using npm@2.1.11
3 info using node@v0.10.33
4 verbose node symlink /usr/local/bin/node
5 verbose publish [ '.' ]
6 silly cache add args [ '.', null ]
7 verbose cache add spec .
8 silly cache add parsed spec { raw: '.',
8 silly cache add   scope: null,
8 silly cache add   name: null,
8 silly cache add   rawSpec: '.',
8 silly cache add   spec: '/Users/svenanders/Work/robbis/opensource/react-editable',
8 silly cache add   type: 'directory' }
9 verbose tar pack [ '/Users/svenanders/.npm/react-editable/0.0.1/package.tgz',
9 verbose tar pack   '/Users/svenanders/Work/robbis/opensource/react-editable' ]
10 verbose tarball /Users/svenanders/.npm/react-editable/0.0.1/package.tgz
11 verbose folder /Users/svenanders/Work/robbis/opensource/react-editable
12 info prepublish react-editable@0.0.1
13 verbose addLocalTarball adding from inside cache /Users/svenanders/.npm/react-editable/0.0.1/package.tgz
14 silly cache afterAdd react-editable@0.0.1
15 verbose afterAdd /Users/svenanders/.npm/react-editable/0.0.1/package/package.json not in flight; writing
16 verbose afterAdd /Users/svenanders/.npm/react-editable/0.0.1/package/package.json written
17 silly publish { name: 'react-editable',
17 silly publish   version: '0.0.1',
17 silly publish   description: 'React Component that enables editable divs',
17 silly publish   main: 'index.js',
17 silly publish   dependencies: { react: '>=0.10.0' },
17 silly publish   repository:
17 silly publish    { type: 'git',
17 silly publish      url: 'git@github.com:svenanders/react-markdown-to-html.git' },
17 silly publish   homepage: 'https://www.robbestad.com',
17 silly publish   keywords: [ 'react', 'react-component', 'editable', 'component' ],
17 silly publish   author:
17 silly publish    { name: 'Sven Anders Robbestad',
17 silly publish      email: 'anders@robbestad.com',
17 silly publish      url: 'http://www.robbestad.com' },
17 silly publish   scripts: {},
17 silly publish   license: 'ISC',
17 silly publish   contributors: [ { name: 'Sven Anders Robbestad', email: 'robbestad@gmail.com' } ],
17 silly publish   readme: '# Editable DIV\n\nReact Component that enables editable divs\n\n## Installation\n\n    % npm install react-editable --save\n\n## Usage\n\nOptionally send in \'editable\' as true/false in cause you want\nto only want to set editable for certain users.\n\nIn the \'onChange\' function, set up any method\nyou want to store the new value.\n\n#### Example\n\n    var Editable = require(\'react-editable\');\n    MyComponent = React.createClass({\n      onChange: function (e) {\n          // Use either\n          //console.log(e.target.value);\n          // or:\n          //console.log(this.refs.editable.getDOMNode().innerHTML);\n      },\n\n      render: function() {\n         return (\n            <Editable editable={this.state.editable}\n                           html="<b>H</b>el<b>lo </b><i><b>W</b>or<b>l</b>d<b>!</b></i>"\n                           ref="editable" onChange={this.onChange} />\n        );\n      }\n    });\n',
17 silly publish   readmeFilename: 'README.md',
17 silly publish   gitHead: 'ae247d0ee786974146e86caaa70ed8e43e602841',
17 silly publish   bugs: { url: 'https://github.com/svenanders/react-markdown-to-html/issues' },
17 silly publish   _id: 'react-editable@0.0.1',
17 silly publish   _shasum: '6fa15700d7f488b31803af7359d36657f4832674',
17 silly publish   _from: '.' }
18 silly mapToRegistry name react-editable
19 silly mapToRegistry using default registry
20 silly mapToRegistry registry https://registry.npmjs.org/
21 silly mapToRegistry uri https://registry.npmjs.org/react-editable
22 verbose publish registryBase https://registry.npmjs.org/
23 silly publish uploading /Users/svenanders/.npm/react-editable/0.0.1/package.tgz
24 verbose request uri https://registry.npmjs.org/react-editable
25 verbose request sending authorization for write operation
26 info attempt registry request try #1 at 13:21:56
27 verbose request id ce6397a7d98e5331
28 http request PUT https://registry.npmjs.org/react-editable
29 http 403 https://registry.npmjs.org/react-editable
30 verbose headers { date: 'Mon, 12 Jan 2015 12:21:57 GMT',
30 verbose headers   server: 'CouchDB/1.5.0 (Erlang OTP/R16B03)',
30 verbose headers   'content-type': 'application/json',
30 verbose headers   'cache-control': 'max-age=60',
30 verbose headers   'content-length': '230',
30 verbose headers   'accept-ranges': 'bytes',
30 verbose headers   via: '1.1 varnish',
30 verbose headers   'x-served-by': 'cache-ams4150-AMS',
30 verbose headers   'x-cache': 'MISS',
30 verbose headers   'x-cache-hits': '0',
30 verbose headers   'x-timer': 'S1421065316.546961,VS0,VE756',
30 verbose headers   'keep-alive': 'timeout=10, max=50',
30 verbose headers   connection: 'Keep-Alive' }
31 verbose request invalidating /Users/svenanders/.npm/registry.npmjs.org/react-editable on PUT
32 error publish Failed PUT 403
33 verbose stack Error: forbidden Attempting to modify version 0.0.1,
33 verbose stack which was previously published on 2014-08-13T17:43:24.195Z.
33 verbose stack This is forbidden, to maintain package integrity.
33 verbose stack Please update the version number and try again.: react-editable
33 verbose stack     at CachingRegistryClient.<anonymous> (/usr/local/lib/node_modules/npm/node_modules/npm-registry-client/lib/request.js:242:14)
33 verbose stack     at Request._callback (/usr/local/lib/node_modules/npm/node_modules/npm-registry-client/lib/request.js:172:14)
33 verbose stack     at Request.self.callback (/usr/local/lib/node_modules/npm/node_modules/request/request.js:372:22)
33 verbose stack     at Request.emit (events.js:98:17)
33 verbose stack     at Request.<anonymous> (/usr/local/lib/node_modules/npm/node_modules/request/request.js:1317:14)
33 verbose stack     at Request.emit (events.js:117:20)
33 verbose stack     at IncomingMessage.<anonymous> (/usr/local/lib/node_modules/npm/node_modules/request/request.js:1265:12)
33 verbose stack     at IncomingMessage.emit (events.js:117:20)
33 verbose stack     at _stream_readable.js:943:16
33 verbose stack     at process._tickCallback (node.js:419:13)
34 verbose statusCode 403
35 verbose pkgid react-editable
36 verbose cwd /Users/svenanders/Work/robbis/opensource/react-editable
37 error Darwin 14.1.0
38 error argv "node" "/usr/local/bin/npm" "publish"
39 error node v0.10.33
40 error npm  v2.1.11
41 error code E403
42 error forbidden Attempting to modify version 0.0.1,
42 error which was previously published on 2014-08-13T17:43:24.195Z.
42 error This is forbidden, to maintain package integrity.
42 error Please update the version number and try again.: react-editable
43 error If you need help, you may report this error at:
43 error     <http://github.com/npm/npm/issues>
44 verbose exit [ 1, true ]
